Removed Pin From Net: NetName=GND Pin=HD2-1
Removed Pin From Net: NetName=5V Pin=HD2-2
Removed Pin From Net: NetName=NetC2-xl_2 Pin=P1-1
Removed Pin From Net: NetName=GND Pin=P1-2
Removed Member From Class: ClassName=Microcontroller Member=HD2
Removed Member From Class: ClassName=XL4015 Member=P1
Change component parameters: Designator = "L1"; Footprint = "L-SMD-M-7.3x4.5"; UniqueID = "\DOMRQLXX"
Change component parameters. Clean all parameters for all variants
Change component parameters (AddParameter): Name = "ComponentLink1Description"; Value = "Manufacturer"; VariantName = "[No Variations]"
Change component parameters (AddParameter): Name = "ComponentLink1URL"; Value = "http://www.we-online.de"; VariantName = "[No Variations]"
Change component parameters (AddParameter): Name = "ComponentLink2Description"; Value = "Datasheet"; VariantName = "[No Variations]"
Change component parameters (AddParameter): Name = "ComponentLink2URL"; Value = "http://katalog.we-online.de/pbs/datasheet/78477010.pdf"; VariantName = "[No Variations]"
Change component parameters (AddParameter): Name = "Created by"; Value = "Baojun Chen"; VariantName = "[No Variations]"
Change component parameters (AddParameter): Name = "Created Date"; Value = "Nov.2015"; VariantName = "[No Variations]"
Change component parameters (AddParameter): Name = "Inductance"; Value = "1.0 µH"; VariantName = "[No Variations]"
Change component parameters (AddParameter): Name = "Manufacturer"; Value = "Wurth Elektronik"; VariantName = "[No Variations]"
Change component parameters (AddParameter): Name = "partNo"; Value = "78477010"; VariantName = "[No Variations]"
Change component parameters: Designator = "L2"; Footprint = "L-SMD-M-7.3x4.5"; UniqueID = "\ANCAQEBI"
Change component parameters. Clean all parameters for all variants
Change component parameters (AddParameter): Name = "ComponentLink1Description"; Value = "Manufacturer"; VariantName = "[No Variations]"
Change component parameters (AddParameter): Name = "ComponentLink1URL"; Value = "http://www.we-online.de"; VariantName = "[No Variations]"
Change component parameters (AddParameter): Name = "ComponentLink2Description"; Value = "Datasheet"; VariantName = "[No Variations]"
Change component parameters (AddParameter): Name = "ComponentLink2URL"; Value = "http://katalog.we-online.de/pbs/datasheet/78477010.pdf"; VariantName = "[No Variations]"
Change component parameters (AddParameter): Name = "Created by"; Value = "Baojun Chen"; VariantName = "[No Variations]"
Change component parameters (AddParameter): Name = "Created Date"; Value = "Nov.2015"; VariantName = "[No Variations]"
Change component parameters (AddParameter): Name = "Inductance"; Value = "1.0 µH"; VariantName = "[No Variations]"
Change component parameters (AddParameter): Name = "Manufacturer"; Value = "Wurth Elektronik"; VariantName = "[No Variations]"
Change component parameters (AddParameter): Name = "partNo"; Value = "78477010"; VariantName = "[No Variations]"
Change Net Name : Old Net Name=NetC2-xl_2 New Net Name=+5
Added Room: Name=Microcontroller
Added Room: Name=Peripheral
Added Room: Name=XL4015
