Removed Pin From Net: NetName=12V Pin=D1-1
Removed Pin From Net: NetName=NetC16_1 Pin=D1-2
Removed Pin From Net: NetName=12V Pin=D2-1
Removed Pin From Net: NetName=NetC17_1 Pin=D2-2
Removed Pin From Net: NetName=GND Pin=D4-1
Removed Pin From Net: NetName=NetD4_2 Pin=D4-2
Removed Pin From Net: NetName=GND Pin=D6-1
Removed Pin From Net: NetName=NetD6_2 Pin=D6-2
Removed Pin From Net: NetName=NetD7_1 Pin=D7-1
Removed Pin From Net: NetName=12V Pin=D7-2
Removed Pin From Net: NetName=GND Pin=D8-1
Removed Pin From Net: NetName=NetD8_2 Pin=D8-2
Removed Pin From Net: NetName=NetD9_1 Pin=D9-1
Removed Pin From Net: NetName=12V Pin=D9-2
Removed Pin From Net: NetName=GND Pin=D10-1
Removed Pin From Net: NetName=NetD10_2 Pin=D10-2
Removed Pin From Net: NetName=NetC16_2 Pin=DZ1-1
Removed Pin From Net: NetName=NetDZ1_2 Pin=DZ1-2
Removed Pin From Net: NetName=NetC17_2 Pin=DZ2-1
Removed Pin From Net: NetName=NetDZ2_2 Pin=DZ2-2
Removed Pin From Net: NetName=GND_MOTOR Pin=DZ3-1
Removed Pin From Net: NetName=NetDZ3_2 Pin=DZ3-2
Removed Pin From Net: NetName=GND_MOTOR Pin=DZ4-1
Removed Pin From Net: NetName=NetDZ4_2 Pin=DZ4-2
Removed Pin From Net: NetName=NetD5_1 Pin=HD5-2
Removed Pin From Net: NetName=NetD7_1 Pin=HD6-2
Removed Pin From Net: NetName=NetD5_1 Pin=Q4-TAB
Removed Pin From Net: NetName=NetD7_1 Pin=Q7-TAB
Removed Member From Class: ClassName=Peripheral Member=D1
Removed Member From Class: ClassName=Peripheral Member=D2
Removed Member From Class: ClassName=Peripheral Member=D7
Removed Member From Class: ClassName=Peripheral Member=D8
Removed Member From Class: ClassName=Peripheral Member=D9
Removed Member From Class: ClassName=Peripheral Member=D10
Change Component Footprint: Designator=DZ1 Old Footprint=D1A New Footprint=SOD-80
Change Component Footprint: Designator=DZ2 Old Footprint=D1A New Footprint=SOD-80
Change Component Footprint: Designator=DZ3 Old Footprint=D1A New Footprint=SOD-80
Change Component Footprint: Designator=DZ4 Old Footprint=D1A New Footprint=SOD-80
Change Component Footprint: Designator=D4 Old Footprint=DZ5A New Footprint=SOD323
Change Component Footprint: Designator=D6 Old Footprint=DZ5A New Footprint=SOD323
Change Component Footprint: Designator=D3 Old Footprint=SM-DIODE New Footprint=SOD323
Change Component Footprint: Designator=D5 Old Footprint=SM-DIODE New Footprint=SOD323
Change Component Comment : Designator=D3 Old Comment=1N4007 New Comment=Diode
Change Component Comment : Designator=D5 Old Comment=1N4007 New Comment=Diode
Change Component Comment : Designator=D4 Old Comment=12V New Comment=Diode
Change Component Comment : Designator=D6 Old Comment=12V New Comment=Diode
Change Component Comment : Designator=DZ1 Old Comment=Zener 12V New Comment=Zener 1/2W
Change Component Comment : Designator=DZ2 Old Comment=Zener 12V New Comment=Zener 1/2W
Change Component Comment : Designator=DZ3 Old Comment=Zener 12V New Comment=Zener 1/2W
Change Component Comment : Designator=DZ4 Old Comment=Zener 12V New Comment=Zener 1/2W
Change component parameters: Designator = "D3"; Footprint = "SOD323"; UniqueID = "\GAXLEADL"
Change component parameters. Clean all parameters for all variants
Change component parameters: Designator = "D4"; Footprint = "SOD323"; UniqueID = "\LKUCRKAJ"
Change component parameters. Clean all parameters for all variants
Change component parameters: Designator = "D5"; Footprint = "SOD323"; UniqueID = "\GLIJNPEV"
Change component parameters. Clean all parameters for all variants
Change component parameters: Designator = "D6"; Footprint = "SOD323"; UniqueID = "\DWDDHDBV"
Change component parameters. Clean all parameters for all variants
Added Component: Designator=D?(SOD323)
Add component. Clean all parameters for all variants
Added Component: Designator=D?(SOD323)
Add component. Clean all parameters for all variants
Added Component: Designator=DZ5(SOD-80)
Add component. Clean all parameters for all variants
Added Component: Designator=DZ6(SOD-80)
Add component. Clean all parameters for all variants
Added Component: Designator=DZ7(SOD-80)
Add component. Clean all parameters for all variants
Added Component: Designator=DZ8(SOD-80)
Add component. Clean all parameters for all variants
Added Pin To Net: NetName=NetD7_1 Pin=D4-1
Added Pin To Net: NetName=12V Pin=D4-2
Added Pin To Net: NetName=NetD9_1 Pin=D6-1
Added Pin To Net: NetName=12V Pin=D6-2
Added Pin To Net: NetName=12V Pin=D?-1
Added Pin To Net: NetName=12V Pin=D?-1
Added Pin To Net: NetName=NetC16_1 Pin=D?-2
Added Pin To Net: NetName=NetC17_1 Pin=D?-2
Added Pin To Net: NetName=GND Pin=DZ1-1
Added Pin To Net: NetName=NetD4_2 Pin=DZ1-2
Added Pin To Net: NetName=NetC16_2 Pin=DZ2-1
Added Pin To Net: NetName=NetDZ1_2 Pin=DZ2-2
Added Pin To Net: NetName=NetC17_2 Pin=DZ3-1
Added Pin To Net: NetName=NetDZ2_2 Pin=DZ3-2
Added Pin To Net: NetName=GND Pin=DZ4-1
Added Pin To Net: NetName=NetD6_2 Pin=DZ4-2
Added Pin To Net: NetName=GND_MOTOR Pin=DZ5-1
Added Pin To Net: NetName=NetDZ3_2 Pin=DZ5-2
Added Pin To Net: NetName=GND_MOTOR Pin=DZ6-1
Added Pin To Net: NetName=NetDZ4_2 Pin=DZ6-2
Added Pin To Net: NetName=GND Pin=DZ7-1
Added Pin To Net: NetName=NetD8_2 Pin=DZ7-2
Added Pin To Net: NetName=GND Pin=DZ8-1
Added Pin To Net: NetName=NetD10_2 Pin=DZ8-2
Added Pin To Net: NetName=NetD7_1 Pin=HD5-2
Added Pin To Net: NetName=NetD5_1 Pin=HD6-2
Added Pin To Net: NetName=NetD7_1 Pin=Q4-TAB
Added Pin To Net: NetName=NetD5_1 Pin=Q7-TAB
Change Net Name : Old Net Name=NetD4_2 New Net Name=NetDZ1_2
Change Net Name : Old Net Name=NetD6_2 New Net Name=NetDZ4_2
Change Net Name : Old Net Name=NetD7_1 New Net Name=NetD4_1
Change Net Name : Old Net Name=NetD8_2 New Net Name=NetDZ7_2
Change Net Name : Old Net Name=NetD9_1 New Net Name=NetD6_1
Change Net Name : Old Net Name=NetD10_2 New Net Name=NetDZ8_2
Change Net Name : Old Net Name=NetDZ1_2 New Net Name=NetDZ2_2
Change Net Name : Old Net Name=NetDZ2_2 New Net Name=NetDZ3_2
Change Net Name : Old Net Name=NetDZ3_2 New Net Name=NetDZ5_2
Change Net Name : Old Net Name=NetDZ4_2 New Net Name=NetDZ6_2
Added Member To Class: ClassName=Peripheral Member=Component D? FR107
Added Member To Class: ClassName=Peripheral Member=Component D? FR107
Added Member To Class: ClassName=Peripheral Member=Component DZ5 Zener 1/2W
Added Member To Class: ClassName=Peripheral Member=Component DZ6 Zener 1/2W
Added Member To Class: ClassName=Peripheral Member=Component DZ7 Zener 1/2W
Added Member To Class: ClassName=Peripheral Member=Component DZ8 Zener 1/2W
Added Room: Name=Microcontroller
Added Room: Name=Peripheral
