Removed Pin From Net: NetName=12V Pin=Q2-TAB
Removed Pin From Net: NetName=NetDZ6_2 Pin=Q3-1
Removed Pin From Net: NetName=GND_MOTOR Pin=Q3-3
Removed Pin From Net: NetName=NetC17_2 Pin=Q3-TAB
Removed Pin From Net: NetName=NetDZ5_2 Pin=Q5-1
Removed Pin From Net: NetName=NetC16_2 Pin=Q5-TAB
Removed Pin From Net: NetName=NetDZ2_2 Pin=Q-1
Removed Pin From Net: NetName=NetC16_2 Pin=Q-3
Removed Pin From Net: NetName=12V Pin=Q-TAB
Removed Member From Class: ClassName=Peripheral Member=Q
Change Component Footprint: Designator=Q2 Old Footprint=DPAK229P994X241-3N New Footprint=QTO-220
Change Component Footprint: Designator=Q3 Old Footprint=DPAK229P994X241-3N New Footprint=QTO-220
Change Component Footprint: Designator=Q5 Old Footprint=DPAK229P994X241-3N New Footprint=QTO-220
Change Component Comment : Designator=Q2 Old Comment=IPD025N06N New Comment=IRF840
Change Component Comment : Designator=Q3 Old Comment=IPD025N06N New Comment=IRF840
Change Component Comment : Designator=Q5 Old Comment=IPD025N06N New Comment=IRF840
Change Component Designator: OldDesignator=LED 5V NewDesignator=LED7
Change component parameters: Designator = "L1"; Footprint = "L-SMD-M-7.3x4.5"; UniqueID = "\DOMRQLXX"
Change component parameters. Clean all parameters for all variants
Change component parameters (AddParameter): Name = "ComponentLink1Description"; Value = "Manufacturer"; VariantName = "[No Variations]"
Change component parameters (AddParameter): Name = "ComponentLink1URL"; Value = "http://www.we-online.de"; VariantName = "[No Variations]"
Change component parameters (AddParameter): Name = "ComponentLink2Description"; Value = "Datasheet"; VariantName = "[No Variations]"
Change component parameters (AddParameter): Name = "ComponentLink2URL"; Value = "http://katalog.we-online.de/pbs/datasheet/78477010.pdf"; VariantName = "[No Variations]"
Change component parameters (AddParameter): Name = "Created by"; Value = "Baojun Chen"; VariantName = "[No Variations]"
Change component parameters (AddParameter): Name = "Created Date"; Value = "Nov.2015"; VariantName = "[No Variations]"
Change component parameters (AddParameter): Name = "Inductance"; Value = "1.0 µH"; VariantName = "[No Variations]"
Change component parameters (AddParameter): Name = "Manufacturer"; Value = "Wurth Elektronik"; VariantName = "[No Variations]"
Change component parameters (AddParameter): Name = "partNo"; Value = "78477010"; VariantName = "[No Variations]"
Change component parameters: Designator = "Q2"; Footprint = "QTO-220"; UniqueID = "\PUKKNLPM"
Change component parameters. Clean all parameters for all variants
Change component parameters (AddParameter): Name = "Value"; Value = "IRF840"; VariantName = "[No Variations]"
Change component parameters: Designator = "Q3"; Footprint = "QTO-220"; UniqueID = "\EDEXSCLH"
Change component parameters. Clean all parameters for all variants
Change component parameters (AddParameter): Name = "Value"; Value = "IRF840"; VariantName = "[No Variations]"
Change component parameters: Designator = "Q5"; Footprint = "QTO-220"; UniqueID = "\AYTWERRM"
Change component parameters. Clean all parameters for all variants
Change component parameters (AddParameter): Name = "Value"; Value = "IRF840"; VariantName = "[No Variations]"
Added Component: Designator=Q6(QTO-220)
Add component. Clean all parameters for all variants
Add component (AddParameter): Name = "Value"; Value = "IRF840"; VariantName = "[No Variations]"
Added Pin To Net: NetName=12V Pin=Q2-2
Added Pin To Net: NetName=NetDZ2_2 Pin=Q3-1
Added Pin To Net: NetName=12V Pin=Q3-2
Added Pin To Net: NetName=NetC16_2 Pin=Q3-3
Added Pin To Net: NetName=NetDZ6_2 Pin=Q5-1
Added Pin To Net: NetName=NetC17_2 Pin=Q5-2
Added Pin To Net: NetName=NetDZ5_2 Pin=Q6-1
Added Pin To Net: NetName=NetC16_2 Pin=Q6-2
Added Pin To Net: NetName=GND_MOTOR Pin=Q6-3
Added Member To Class: ClassName=Peripheral Member=Component Q6 IRF840
Added Room: Name=Microcontroller
Added Room: Name=Peripheral
Added Room: Name=XL4015
