Removed Pin From Net: NetName=+5 Pin=C2-xl2-2
Removed Pin From Net: NetName=+5 Pin=CFF1-2
Removed Pin From Net: NetName=+5 Pin=COUT1-1
Removed Pin From Net: NetName=+5 Pin=L2-2
Removed Pin From Net: NetName=+5 Pin=R4xl-1
Removed Member From Class: ClassName=Microcontroller Member=R1xl
Removed Member From Class: ClassName=Microcontroller Member=R2xl
Removed Member From Class: ClassName=Microcontroller Member=R3xl
Removed Member From Class: ClassName=Microcontroller Member=R4xl
Added Component: Designator=P1(Medium - Header 2)
Add component. Clean all parameters for all variants
Add component (AddParameter): Name = "LatestRevisionDate"; Value = "17-Jul-2002"; VariantName = "[No Variations]"
Add component (AddParameter): Name = "LatestRevisionNote"; Value = "Re-released for DXP Platform."; VariantName = "[No Variations]"
Add component (AddParameter): Name = "Publisher"; Value = "Altium Limited"; VariantName = "[No Variations]"
Added Component: Designator=P2(Medium - Header 2)
Add component. Clean all parameters for all variants
Add component (AddParameter): Name = "LatestRevisionDate"; Value = "17-Jul-2002"; VariantName = "[No Variations]"
Add component (AddParameter): Name = "LatestRevisionNote"; Value = "Re-released for DXP Platform."; VariantName = "[No Variations]"
Add component (AddParameter): Name = "Publisher"; Value = "Altium Limited"; VariantName = "[No Variations]"
Added Pin To Net: NetName=+5 Pin=P1-1
Added Pin To Net: NetName=GND Pin=P1-2
Added Pin To Net: NetName=GND Pin=P2-2
Change Net Name : Old Net Name=+5 New Net Name=NetC2-xl_2
Added Pin To Net: NetName=NetC2-xl2_2 Pin=C2-xl2-2
Added Pin To Net: NetName=NetC2-xl2_2 Pin=CFF1-2
Added Pin To Net: NetName=NetC2-xl2_2 Pin=COUT1-1
Added Pin To Net: NetName=NetC2-xl2_2 Pin=L2-2
Added Pin To Net: NetName=NetC2-xl2_2 Pin=P2-1
Added Pin To Net: NetName=NetC2-xl2_2 Pin=R4xl-1
Added Net: Name=NetC2-xl2_2
Added Member To Class: ClassName=XL4015 Member=Component P1 Header 2 - M
Added Member To Class: ClassName=XL4015 Member=Component P2 Header 2 - M
Added Member To Class: ClassName=Microcontroller Member=Component R1 100K
Added Member To Class: ClassName=Microcontroller Member=Component R2 100K
Added Member To Class: ClassName=Microcontroller Member=Component R3 10K
Added Member To Class: ClassName=Microcontroller Member=Component R4 510R
Added Room: Name=Microcontroller
Added Room: Name=Peripheral
Added Room: Name=XL4015
