Change component parameters: Designator = "L1"; Footprint = "L-SMD-M-7.3x4.5"; UniqueID = "\DOMRQLXX"
Change component parameters. Clean all parameters for all variants
Change component parameters (AddParameter): Name = "ComponentLink1Description"; Value = "Manufacturer"; VariantName = "[No Variations]"
Change component parameters (AddParameter): Name = "ComponentLink1URL"; Value = "http://www.we-online.de"; VariantName = "[No Variations]"
Change component parameters (AddParameter): Name = "ComponentLink2Description"; Value = "Datasheet"; VariantName = "[No Variations]"
Change component parameters (AddParameter): Name = "ComponentLink2URL"; Value = "http://katalog.we-online.de/pbs/datasheet/78477010.pdf"; VariantName = "[No Variations]"
Change component parameters (AddParameter): Name = "Created by"; Value = "Baojun Chen"; VariantName = "[No Variations]"
Change component parameters (AddParameter): Name = "Created Date"; Value = "Nov.2015"; VariantName = "[No Variations]"
Change component parameters (AddParameter): Name = "Inductance"; Value = "1.0 µH"; VariantName = "[No Variations]"
Change component parameters (AddParameter): Name = "Manufacturer"; Value = "Wurth Elektronik"; VariantName = "[No Variations]"
Change component parameters (AddParameter): Name = "partNo"; Value = "78477010"; VariantName = "[No Variations]"
Change component parameters: Designator = "L2"; Footprint = "L-SMD-M-7.3x4.5"; UniqueID = "\ANCAQEBI"
Change component parameters. Clean all parameters for all variants
Change component parameters (AddParameter): Name = "ComponentLink1Description"; Value = "Manufacturer"; VariantName = "[No Variations]"
Change component parameters (AddParameter): Name = "ComponentLink1URL"; Value = "http://www.we-online.de"; VariantName = "[No Variations]"
Change component parameters (AddParameter): Name = "ComponentLink2Description"; Value = "Datasheet"; VariantName = "[No Variations]"
Change component parameters (AddParameter): Name = "ComponentLink2URL"; Value = "http://katalog.we-online.de/pbs/datasheet/78477010.pdf"; VariantName = "[No Variations]"
Change component parameters (AddParameter): Name = "Created by"; Value = "Baojun Chen"; VariantName = "[No Variations]"
Change component parameters (AddParameter): Name = "Created Date"; Value = "Nov.2015"; VariantName = "[No Variations]"
Change component parameters (AddParameter): Name = "Inductance"; Value = "1.0 µH"; VariantName = "[No Variations]"
Change component parameters (AddParameter): Name = "Manufacturer"; Value = "Wurth Elektronik"; VariantName = "[No Variations]"
Change component parameters (AddParameter): Name = "partNo"; Value = "78477010"; VariantName = "[No Variations]"
Added Pin To Net: NetName=NetJP3_2 Pin=U-11
Added Pin To Net: NetName=NetJP2_2 Pin=U-14
Added Pin To Net: NetName=NetJP1_2 Pin=U-15
Added Pin To Net: NetName=NetJP7_1 Pin=U-29
Added Pin To Net: NetName=NetJP6_3 Pin=U-30
Added Pin To Net: NetName=NetJP6_2 Pin=U-31
Added Room: Name=Microcontroller
Added Room: Name=Peripheral
Added Room: Name=XL4015
